<?xml version="1.0" encoding="UTF-8"?>
<coverage generated="1746920821179" clover="3.2.0">
  <project timestamp="1746920821179" name="All files">
    <metrics statements="17" coveredstatements="11" conditionals="17" coveredconditionals="9" methods="6" coveredmethods="4" elements="40" coveredelements="24" complexity="0" loc="17" ncloc="17" packages="2" files="2" classes="2"/>
    <package name="components">
      <metrics statements="10" coveredstatements="4" conditionals="12" coveredconditionals="5" methods="4" coveredmethods="2"/>
      <file name="UserTable.jsx" path="C:\Users\petrc\Documents\GitHub\NNPIA\nnpia-cvi-en-Mathanielos\frontend\src\components\UserTable.jsx">
        <metrics statements="10" coveredstatements="4" conditionals="12" coveredconditionals="5" methods="4" coveredmethods="2"/>
        <line num="8" count="2" type="stmt"/>
        <line num="10" count="2" type="stmt"/>
        <line num="11" count="0" type="stmt"/>
        <line num="12" count="0" type="cond" truecount="0" falsecount="2"/>
        <line num="13" count="0" type="stmt"/>
        <line num="14" count="0" type="stmt"/>
        <line num="16" count="0" type="stmt"/>
        <line num="20" count="2" type="stmt"/>
        <line num="37" count="1" type="stmt"/>
        <line num="49" count="0" type="stmt"/>
      </file>
    </package>
    <package name="pages">
      <metrics statements="7" coveredstatements="7" conditionals="5" coveredconditionals="4" methods="2" coveredmethods="2"/>
      <file name="UsersPage.jsx" path="C:\Users\petrc\Documents\GitHub\NNPIA\nnpia-cvi-en-Mathanielos\frontend\src\pages\UsersPage.jsx">
        <metrics statements="7" coveredstatements="7" conditionals="5" coveredconditionals="4" methods="2" coveredmethods="2"/>
        <line num="7" count="1" type="stmt"/>
        <line num="8" count="2" type="stmt"/>
        <line num="9" count="2" type="stmt"/>
        <line num="13" count="3" type="cond" truecount="1" falsecount="0"/>
        <line num="19" count="3" type="cond" truecount="2" falsecount="0"/>
        <line num="20" count="2" type="cond" truecount="1" falsecount="1"/>
        <line num="22" count="2" type="stmt"/>
      </file>
    </package>
  </project>
</coverage>
