{"C:\\Users\\petrc\\Documents\\GitHub\\NNPIA\\nnpia-cvi-en-Mathanielos\\frontend\\src\\components\\UserTable.jsx": {"path":"C:\\Users\\petrc\\Documents\\GitHub\\NNPIA\\nnpia-cvi-en-Mathanielos\\frontend\\src\\components\\UserTable.jsx","statementMap":{"0":{"start":{"line":8,"column":24},"end":{"line":8,"column":40}},"1":{"start":{"line":10,"column":25},"end":{"line":18,"column":5}},"2":{"start":{"line":11,"column":8},"end":{"line":17,"column":9}},"3":{"start":{"line":12,"column":29},"end":{"line":12,"column":108}},"4":{"start":{"line":13,"column":12},"end":{"line":13,"column":39}},"5":{"start":{"line":14,"column":12},"end":{"line":14,"column":53}},"6":{"start":{"line":16,"column":12},"end":{"line":16,"column":57}},"7":{"start":{"line":20,"column":4},"end":{"line":59,"column":6}},"8":{"start":{"line":37,"column":24},"end":{"line":54,"column":35}},"9":{"start":{"line":49,"column":51},"end":{"line":49,"column":85}}},"fnMap":{"0":{"name":"UserTable","decl":{"start":{"line":7,"column":24},"end":{"line":7,"column":33}},"loc":{"start":{"line":7,"column":45},"end":{"line":60,"column":1}},"line":7},"1":{"name":"(anonymous_1)","decl":{"start":{"line":10,"column":25},"end":{"line":10,"column":26}},"loc":{"start":{"line":10,"column":57},"end":{"line":18,"column":5}},"line":10},"2":{"name":"(anonymous_2)","decl":{"start":{"line":36,"column":31},"end":{"line":36,"column":32}},"loc":{"start":{"line":37,"column":24},"end":{"line":54,"column":35}},"line":37},"3":{"name":"(anonymous_3)","decl":{"start":{"line":49,"column":45},"end":{"line":49,"column":46}},"loc":{"start":{"line":49,"column":51},"end":{"line":49,"column":85}},"line":49}},"branchMap":{"0":{"loc":{"start":{"line":12,"column":66},"end":{"line":12,"column":106}},"type":"cond-expr","locations":[{"start":{"line":12,"column":81},"end":{"line":12,"column":93}},{"start":{"line":12,"column":96},"end":{"line":12,"column":106}}],"line":12},"1":{"loc":{"start":{"line":42,"column":40},"end":{"line":42,"column":68}},"type":"binary-expr","locations":[{"start":{"line":42,"column":40},"end":{"line":42,"column":62}},{"start":{"line":42,"column":66},"end":{"line":42,"column":68}}],"line":42},"2":{"loc":{"start":{"line":43,"column":40},"end":{"line":43,"column":63}},"type":"binary-expr","locations":[{"start":{"line":43,"column":40},"end":{"line":43,"column":57}},{"start":{"line":43,"column":61},"end":{"line":43,"column":63}}],"line":43},"3":{"loc":{"start":{"line":44,"column":40},"end":{"line":44,"column":66}},"type":"cond-expr","locations":[{"start":{"line":44,"column":54},"end":{"line":44,"column":59}},{"start":{"line":44,"column":62},"end":{"line":44,"column":66}}],"line":44},"4":{"loc":{"start":{"line":48,"column":43},"end":{"line":48,"column":76}},"type":"cond-expr","locations":[{"start":{"line":48,"column":57},"end":{"line":48,"column":64}},{"start":{"line":48,"column":67},"end":{"line":48,"column":76}}],"line":48},"5":{"loc":{"start":{"line":51,"column":37},"end":{"line":51,"column":76}},"type":"cond-expr","locations":[{"start":{"line":51,"column":51},"end":{"line":51,"column":63}},{"start":{"line":51,"column":66},"end":{"line":51,"column":76}}],"line":51}},"s":{"0":2,"1":2,"2":0,"3":0,"4":0,"5":0,"6":0,"7":2,"8":1,"9":0},"f":{"0":2,"1":0,"2":1,"3":0},"b":{"0":[0,0],"1":[1,0],"2":[1,0],"3":[1,0],"4":[1,0],"5":[1,0]},"_coverageSchema":"1a1c01bbd47fc00a2c39e90264f33305004495a9","hash":"53681962e69822136a41f63fe91fc7296eea080a"}
,"C:\\Users\\petrc\\Documents\\GitHub\\NNPIA\\nnpia-cvi-en-Mathanielos\\frontend\\src\\pages\\UsersPage.jsx": {"path":"C:\\Users\\petrc\\Documents\\GitHub\\NNPIA\\nnpia-cvi-en-Mathanielos\\frontend\\src\\pages\\UsersPage.jsx","statementMap":{"0":{"start":{"line":7,"column":19},"end":{"line":10,"column":1}},"1":{"start":{"line":8,"column":16},"end":{"line":8,"column":69}},"2":{"start":{"line":9,"column":4},"end":{"line":9,"column":20}},"3":{"start":{"line":13,"column":51},"end":{"line":17,"column":6}},"4":{"start":{"line":19,"column":4},"end":{"line":19,"column":55}},"5":{"start":{"line":19,"column":19},"end":{"line":19,"column":55}},"6":{"start":{"line":20,"column":4},"end":{"line":20,"column":52}},"7":{"start":{"line":20,"column":15},"end":{"line":20,"column":52}},"8":{"start":{"line":22,"column":4},"end":{"line":31,"column":6}}},"fnMap":{"0":{"name":"(anonymous_0)","decl":{"start":{"line":7,"column":19},"end":{"line":7,"column":20}},"loc":{"start":{"line":7,"column":31},"end":{"line":10,"column":1}},"line":7},"1":{"name":"UsersPage","decl":{"start":{"line":12,"column":24},"end":{"line":12,"column":33}},"loc":{"start":{"line":12,"column":36},"end":{"line":32,"column":1}},"line":12}},"branchMap":{"0":{"loc":{"start":{"line":13,"column":18},"end":{"line":13,"column":28}},"type":"default-arg","locations":[{"start":{"line":13,"column":26},"end":{"line":13,"column":28}}],"line":13},"1":{"loc":{"start":{"line":19,"column":4},"end":{"line":19,"column":55}},"type":"if","locations":[{"start":{"line":19,"column":4},"end":{"line":19,"column":55}},{"start":{},"end":{}}],"line":19},"2":{"loc":{"start":{"line":20,"column":4},"end":{"line":20,"column":52}},"type":"if","locations":[{"start":{"line":20,"column":4},"end":{"line":20,"column":52}},{"start":{},"end":{}}],"line":20}},"s":{"0":1,"1":2,"2":2,"3":3,"4":3,"5":1,"6":2,"7":0,"8":2},"f":{"0":2,"1":3},"b":{"0":[1],"1":[1,2],"2":[0,2]},"_coverageSchema":"1a1c01bbd47fc00a2c39e90264f33305004495a9","hash":"dee7ce4fcc08f0f7b6db6cdbbb6e6cde5895fb37"}
}
