TN:
SF:src\components\UserTable.jsx
FN:7,UserTable
FN:10,(anonymous_1)
FN:36,(anonymous_2)
FN:49,(anonymous_3)
FNF:4
FNH:2
FNDA:2,UserTable
FNDA:0,(anonymous_1)
FNDA:1,(anonymous_2)
FNDA:0,(anonymous_3)
DA:8,2
DA:10,2
DA:11,0
DA:12,0
DA:13,0
DA:14,0
DA:16,0
DA:20,2
DA:37,1
DA:49,0
LF:10
LH:4
BRDA:12,0,0,0
BRDA:12,0,1,0
BRDA:42,1,0,1
BRDA:42,1,1,0
BRDA:43,2,0,1
BRDA:43,2,1,0
BRDA:44,3,0,1
BRDA:44,3,1,0
BRDA:48,4,0,1
BRDA:48,4,1,0
BRDA:51,5,0,1
BRDA:51,5,1,0
BRF:12
BRH:5
end_of_record
TN:
SF:src\pages\UsersPage.jsx
FN:7,(anonymous_0)
FN:12,UsersPage
FNF:2
FNH:2
FNDA:2,(anonymous_0)
FNDA:3,UsersPage
DA:7,1
DA:8,2
DA:9,2
DA:13,3
DA:19,3
DA:20,2
DA:22,2
LF:7
LH:7
BRDA:13,0,0,1
BRDA:19,1,0,1
BRDA:19,1,1,2
BRDA:20,2,0,0
BRDA:20,2,1,2
BRF:5
BRH:4
end_of_record
